<?xml version="1.0" encoding="utf-8" standalone="no"?>
<testsuites xmlns:xsi="http://www.w3.org/2001/XMLSchema-instance" xsi:noNamespaceSchemaLocation="junit_schema_4.xsd" name="Pester" tests="2" errors="0" failures="1" disabled="0" time="0.126">
  <testsuite name="C:\Users\StephanvanRooij\source\repos\PowerShell.DependencyInjection\tests\Pester-SampleModule\Test-SampleCmdlet.Tests.ps1" tests="2" errors="0" failures="1" hostname="DESKTOP-80CJUII" id="0" skipped="0" disabled="0" package="C:\Users\StephanvanRooij\source\repos\PowerShell.DependencyInjection\tests\Pester-SampleModule\Test-SampleCmdlet.Tests.ps1" time="0.126">
    <properties>
      <property name="platform" value="Microsoft Windows 11 Pro|C:\WINDOWS|\Device\Harddisk0\Partition3" />
      <property name="user-domain" value="AzureAD" />
      <property name="junit-version" value="4" />
      <property name="machine-name" value="DESKTOP-80CJUII" />
      <property name="os-version" value="10.0.22631" />
      <property name="framework-version" value="5.6.1" />
      <property name="clr-version" value="8.0.10" />
      <property name="cwd" value="C:\Users\StephanvanRooij\source\repos\PowerShell.DependencyInjection" />
      <property name="user" value="StephanvanRooij" />
    </properties>
    <testcase name="SampleModule.Test-SampleCmdlet.Should be available" status="Passed" classname="C:\Users\StephanvanRooij\source\repos\PowerShell.DependencyInjection\tests\Pester-SampleModule\Test-SampleCmdlet.Tests.ps1" assertions="0" time="0.005" />
    <testcase name="SampleModule.Test-SampleCmdlet.Should return input" status="Failed" classname="C:\Users\StephanvanRooij\source\repos\PowerShell.DependencyInjection\tests\Pester-SampleModule\Test-SampleCmdlet.Tests.ps1" assertions="0" time="0.034">
      <failure message="ParameterBindingException: Parameter set cannot be resolved using the specified named parameters. One or more parameters issued cannot be used together or an insufficient number of parameters were provided.">at &lt;ScriptBlock&gt;, C:\Users\StephanvanRooij\source\repos\PowerShell.DependencyInjection\tests\Pester-SampleModule\Test-SampleCmdlet.Tests.ps1:14</failure>
    </testcase>
  </testsuite>
</testsuites>